2023-05-11 12:40:46,072 INFO There is no file like that, but a new file will be created
2023-05-11 12:40:46,073 INFO [Errno 2] No such file or directory: 'new.txt'
2023-05-11 12:41:04,495 INFO There is no file like that, but a new file will be created
2023-05-11 12:41:04,496 INFO [Errno 2] No such file or directory: 'new.txt'
2023-05-11 12:41:33,714 INFO There is no file like that, but a new file will be created
2023-05-11 12:41:33,715 INFO [Errno 2] No such file or directory: 'new.txt'
2023-05-11 12:43:41,745 INFO Your file has been written successfully
2023-05-11 12:46:44,771 INFO Your file has been written successfully
2023-05-11 12:47:35,991 INFO not readable
2023-05-11 12:48:10,901 INFO Your file has been written successfully
2023-05-11 12:48:22,015 INFO not readable
2023-05-11 12:51:51,815 INFO Your file has been written successfully
2023-05-11 12:53:10,503 INFO My name is Victor OpeyemiI am a programmerI am going to become world class
2023-05-11 12:54:01,170 INFO My name is Victor OpeyemiI am a programmerI am going to become world class
2023-05-11 13:05:20,090 INFO My name is Victor OpeyemiI am a programmerI am going to become world class
2023-05-11 13:06:01,162 INFO My name is Victor OpeyemiI am a programmerI am going to become world class
2023-05-11 13:06:26,660 INFO Your file has been written successfully
2023-05-11 18:06:02,028 INFO Your file has been written successfully
2023-05-11 18:08:10,631 INFO TextIOWrapper.writelines() takes no keyword arguments
2023-05-11 18:08:40,754 INFO TextIOWrapper.writelines() takes no keyword arguments
2023-05-11 18:13:59,146 INFO Your file has been written successfully
